<?xml version="1.0" encoding="UTF-8"?>
<!-- Generated by org.testng.reporters.JUnitXMLReporter -->
<testsuite ignored="0" hostname="hp" failures="2" tests="8" name="Test" time="0.178" errors="0" timestamp="2024-01-03T03:09:55 IST">
  <testcase classname="testNG_Study.listenerExample" name="b" time="0.022">
    <failure type="java.lang.AssertionError" message="null">
      <![CDATA[java.lang.AssertionError: null
at testNG_Study.listenerExample.b(listenerExample.java:20)
at java.base/java.util.ArrayList.forEach(ArrayList.java:1511)
... Removed 29 stack frames]]>
    </failure>
  </testcase> <!-- b -->
  <testcase classname="testNG_Study.listenerExample" name="d" time="0.004"/>
  <testcase classname="testNG_Study.listenerExample" name="a" time="0.002"/>
  <testcase classname="testNG_Study.listenerExample" name="c" time="0.001">
    <skipped/>
  </testcase> <!-- c -->
  <testcase classname="testNG_Study.listenerEx2" name="e" time="0.002"/>
  <testcase classname="testNG_Study.listenerEx2" name="f" time="0.004">
    <failure type="java.lang.AssertionError" message="null">
      <![CDATA[java.lang.AssertionError: null
at testNG_Study.listenerEx2.f(listenerEx2.java:16)
at java.base/java.util.ArrayList.forEach(ArrayList.java:1511)
... Removed 29 stack frames]]>
    </failure>
  </testcase> <!-- f -->
  <testcase classname="testNG_Study.listenerEx2" name="h" time="0.002"/>
  <testcase classname="testNG_Study.listenerEx2" name="g" time="0.0">
    <skipped/>
  </testcase> <!-- g -->
</testsuite> <!-- Test -->
