<?xml version="1.0" encoding="UTF-8"?>
<!-- Generated by org.testng.reporters.JUnitXMLReporter -->
<testsuite ignored="2" hostname="hp" failures="0" tests="2" name="Test_include&amp;excludeUsed" time="0.132" errors="0" timestamp="2023-12-22T01:06:11 IST">
  <testcase classname="testNG_XML_Used.MyClass1" name="Tc2" time="0.012"/>
  <testcase classname="testNG_XML_Used.MyClass1" name="Tc4" time="0.002"/>
  <testcase classname="testNG_XML_Used.MyClass1" name="Tc3" time="0.0">
    <ignored/>
  </testcase> <!-- Tc3 -->
  <testcase classname="testNG_XML_Used.MyClass1" name="Tc1" time="0.0">
    <ignored/>
  </testcase> <!-- Tc1 -->
</testsuite> <!-- Test_include&excludeUsed -->
